::1 - - [10/Mar/2021:04:05:31 +0000] "POST /api/users/signup HTTP/1.1" - - "-" "PostmanRuntime/7.26.8"
::1 - - [10/Mar/2021:04:19:37 +0000] "POST /api/users/signup HTTP/1.1" - - "-" "PostmanRuntime/7.26.8"
::1 - - [10/Mar/2021:04:23:29 +0000] "POST /api/users/signup HTTP/1.1" - - "-" "PostmanRuntime/7.26.8"
::1 - - [10/Mar/2021:22:52:31 +0000] "POST /api/users/signup HTTP/1.1" - - "-" "PostmanRuntime/7.26.8"
::1 - - [10/Mar/2021:23:33:23 +0000] "POST /api/users/signup HTTP/1.1" - - "-" "PostmanRuntime/7.26.8"
::1 - - [10/Mar/2021:23:37:35 +0000] "POST /api/users/login HTTP/1.1" 400 - "-" "PostmanRuntime/7.26.8"
::1 - - [10/Mar/2021:23:37:44 +0000] "POST /api/users/login HTTP/1.1" 400 - "-" "PostmanRuntime/7.26.8"
::1 - - [10/Mar/2021:23:55:44 +0000] "POST /api/users/login HTTP/1.1" - - "-" "PostmanRuntime/7.26.8"
::1 - - [11/Mar/2021:00:57:50 +0000] "POST /api/users/signup HTTP/1.1" 422 825 "-" "PostmanRuntime/7.26.8"
::1 - - [11/Mar/2021:01:01:36 +0000] "POST /api/users/signup HTTP/1.1" 422 825 "-" "PostmanRuntime/7.26.8"
::1 - - [11/Mar/2021:01:03:26 +0000] "POST /api/users/signup HTTP/1.1" 422 825 "-" "PostmanRuntime/7.26.8"
::1 - - [11/Mar/2021:01:07:19 +0000] "POST /api/users/signup HTTP/1.1" 422 825 "-" "PostmanRuntime/7.26.8"
::1 - - [11/Mar/2021:01:11:00 +0000] "POST /api/users/signup HTTP/1.1" 422 825 "-" "PostmanRuntime/7.26.8"
::1 - - [11/Mar/2021:01:16:51 +0000] "POST /api/users/signup HTTP/1.1" 422 825 "-" "PostmanRuntime/7.26.8"
::1 - - [11/Mar/2021:01:17:17 +0000] "POST /api/users/login HTTP/1.1" 401 - "-" "PostmanRuntime/7.26.8"
::1 - - [11/Mar/2021:01:17:37 +0000] "POST /api/users/login HTTP/1.1" 401 - "-" "PostmanRuntime/7.26.8"
::1 - - [11/Mar/2021:01:17:39 +0000] "POST /api/users/login HTTP/1.1" 401 - "-" "PostmanRuntime/7.26.8"
::1 - - [11/Mar/2021:01:17:40 +0000] "POST /api/users/login HTTP/1.1" 401 - "-" "PostmanRuntime/7.26.8"
::1 - - [11/Mar/2021:01:17:41 +0000] "POST /api/users/login HTTP/1.1" 401 - "-" "PostmanRuntime/7.26.8"
::1 - - [11/Mar/2021:01:17:41 +0000] "POST /api/users/login HTTP/1.1" 401 - "-" "PostmanRuntime/7.26.8"
::1 - - [11/Mar/2021:01:17:42 +0000] "POST /api/users/login HTTP/1.1" 401 - "-" "PostmanRuntime/7.26.8"
::1 - - [11/Mar/2021:01:17:47 +0000] "POST /api/users/login HTTP/1.1" 401 - "-" "PostmanRuntime/7.26.8"
::1 - - [11/Mar/2021:01:17:48 +0000] "POST /api/users/login HTTP/1.1" 401 - "-" "PostmanRuntime/7.26.8"
::1 - - [11/Mar/2021:01:17:49 +0000] "POST /api/users/login HTTP/1.1" 401 - "-" "PostmanRuntime/7.26.8"
::1 - - [11/Mar/2021:01:17:49 +0000] "POST /api/users/login HTTP/1.1" 401 - "-" "PostmanRuntime/7.26.8"
::1 - - [11/Mar/2021:01:17:50 +0000] "POST /api/users/login HTTP/1.1" 401 - "-" "PostmanRuntime/7.26.8"
::1 - - [11/Mar/2021:01:19:36 +0000] "POST /api/users/signup HTTP/1.1" 422 825 "-" "PostmanRuntime/7.26.8"
::1 - - [11/Mar/2021:01:27:13 +0000] "POST /api/users/signup HTTP/1.1" 422 825 "-" "PostmanRuntime/7.26.8"
::1 - - [11/Mar/2021:01:27:59 +0000] "POST /api/users/signup HTTP/1.1" 422 825 "-" "PostmanRuntime/7.26.8"
::1 - - [11/Mar/2021:01:36:09 +0000] "POST /api/users/login HTTP/1.1" 401 - "-" "PostmanRuntime/7.26.8"
::1 - - [11/Mar/2021:01:36:10 +0000] "POST /api/users/login HTTP/1.1" 401 - "-" "PostmanRuntime/7.26.8"
::1 - - [11/Mar/2021:02:18:08 +0000] "POST /api/users/signup HTTP/1.1" 422 333 "-" "PostmanRuntime/7.26.8"
::1 - - [11/Mar/2021:02:21:05 +0000] "POST /api/users/signup HTTP/1.1" - - "-" "PostmanRuntime/7.26.8"
::1 - - [11/Mar/2021:02:22:38 +0000] "POST /api/users/signup HTTP/1.1" 422 2 "-" "PostmanRuntime/7.26.8"
::1 - - [11/Mar/2021:02:23:38 +0000] "POST /api/users/signup HTTP/1.1" 422 2 "-" "PostmanRuntime/7.26.8"
::1 - - [11/Mar/2021:02:24:01 +0000] "POST /api/users/login HTTP/1.1" 401 - "-" "PostmanRuntime/7.26.8"
::1 - - [11/Mar/2021:02:24:04 +0000] "POST /api/users/signup HTTP/1.1" 422 2 "-" "PostmanRuntime/7.26.8"
::1 - - [11/Mar/2021:02:25:12 +0000] "POST /api/users/signup HTTP/1.1" 422 2 "-" "PostmanRuntime/7.26.8"
::1 - - [11/Mar/2021:02:31:47 +0000] "POST /api/users/signup HTTP/1.1" 422 2 "-" "PostmanRuntime/7.26.8"
::1 - - [11/Mar/2021:02:35:05 +0000] "POST /api/users/signup HTTP/1.1" 422 2 "-" "PostmanRuntime/7.26.8"
::1 - - [11/Mar/2021:03:29:03 +0000] "GET / HTTP/1.1" 200 8 "-" "PostmanRuntime/7.26.8"
::1 - - [11/Mar/2021:03:29:11 +0000] "GET /api/users HTTP/1.1" 200 271 "-" "PostmanRuntime/7.26.8"
::1 - - [11/Mar/2021:03:35:17 +0000] "POST /api/users/signup HTTP/1.1" 422 2 "-" "PostmanRuntime/7.26.8"
::1 - - [11/Mar/2021:03:43:22 +0000] "POST /api/users/signup HTTP/1.1" 422 2 "-" "PostmanRuntime/7.26.8"
::1 - - [11/Mar/2021:03:46:38 +0000] "POST /api/users/signup HTTP/1.1" 422 2 "-" "PostmanRuntime/7.26.8"
::1 - - [11/Mar/2021:03:52:03 +0000] "POST /api/users/signup HTTP/1.1" 422 2 "-" "PostmanRuntime/7.26.8"
::1 - - [11/Mar/2021:03:53:45 +0000] "POST /api/users/signup HTTP/1.1" 200 135 "-" "PostmanRuntime/7.26.8"
::1 - - [11/Mar/2021:03:58:48 +0000] "POST /api/users/signup HTTP/1.1" 200 138 "-" "PostmanRuntime/7.26.8"
::1 - - [11/Mar/2021:04:04:57 +0000] "POST /api/users/signup HTTP/1.1" 200 138 "-" "PostmanRuntime/7.26.8"
::1 - - [11/Mar/2021:04:06:30 +0000] "POST /api/users/signup HTTP/1.1" 200 138 "-" "PostmanRuntime/7.26.8"
::1 - - [11/Mar/2021:04:11:10 +0000] "POST /api/users/signup HTTP/1.1" 422 2 "-" "PostmanRuntime/7.26.8"
::1 - - [11/Mar/2021:04:12:05 +0000] "POST /api/users/signup HTTP/1.1" 422 2 "-" "PostmanRuntime/7.26.8"
::1 - - [11/Mar/2021:04:13:14 +0000] "POST /api/users/signup HTTP/1.1" 422 2 "-" "PostmanRuntime/7.26.8"
::1 - - [11/Mar/2021:04:13:44 +0000] "POST /api/users/signup HTTP/1.1" 422 2 "-" "PostmanRuntime/7.26.8"
::1 - - [11/Mar/2021:04:14:38 +0000] "POST /api/users/signup HTTP/1.1" 422 2 "-" "PostmanRuntime/7.26.8"
::1 - - [11/Mar/2021:04:21:14 +0000] "POST /api/users/signup HTTP/1.1" - - "-" "PostmanRuntime/7.26.8"
::1 - - [11/Mar/2021:04:22:55 +0000] "POST /api/users/signup HTTP/1.1" 200 194 "-" "PostmanRuntime/7.26.8"
::1 - - [11/Mar/2021:04:30:32 +0000] "POST /api/users/login HTTP/1.1" 200 194 "-" "PostmanRuntime/7.26.8"
::1 - - [12/Mar/2021:03:29:20 +0000] "POST /api/users/login HTTP/1.1" 200 194 "-" "PostmanRuntime/7.26.8"
::1 - - [12/Mar/2021:03:29:58 +0000] "POST /api/users/login HTTP/1.1" 500 2372 "-" "PostmanRuntime/7.26.8"
::1 - - [12/Mar/2021:03:52:52 +0000] "POST /api/users/login HTTP/1.1" 202 194 "-" "PostmanRuntime/7.26.8"
::1 - - [12/Mar/2021:03:53:04 +0000] "POST /api/appointments HTTP/1.1" 200 8 "-" "PostmanRuntime/7.26.8"
::1 - - [12/Mar/2021:04:05:05 +0000] "POST /api/login HTTP/1.1" 200 8 "-" "PostmanRuntime/7.26.8"
::1 - - [12/Mar/2021:04:06:01 +0000] "POST /api/login HTTP/1.1" 200 8 "-" "PostmanRuntime/7.26.8"
::1 - - [12/Mar/2021:04:06:02 +0000] "POST /api/login HTTP/1.1" 200 8 "-" "PostmanRuntime/7.26.8"
::1 - - [12/Mar/2021:04:06:14 +0000] "POST /api/login HTTP/1.1" 404 149 "-" "PostmanRuntime/7.26.8"
::1 - - [12/Mar/2021:04:10:08 +0000] "POST /api/login HTTP/1.1" 200 8 "-" "PostmanRuntime/7.26.8"
::1 - - [12/Mar/2021:04:10:52 +0000] "POST /api/login HTTP/1.1" 200 8 "-" "PostmanRuntime/7.26.8"
::1 - - [12/Mar/2021:04:10:53 +0000] "POST /api/login HTTP/1.1" 200 8 "-" "PostmanRuntime/7.26.8"
::1 - - [12/Mar/2021:04:10:54 +0000] "POST /api/login HTTP/1.1" 200 8 "-" "PostmanRuntime/7.26.8"
::1 - - [12/Mar/2021:04:11:02 +0000] "GET /api/users HTTP/1.1" 200 8 "-" "PostmanRuntime/7.26.8"
::1 - - [12/Mar/2021:04:11:04 +0000] "GET /api/users HTTP/1.1" 200 8 "-" "PostmanRuntime/7.26.8"
::1 - - [12/Mar/2021:04:11:07 +0000] "POST /api/login HTTP/1.1" 200 8 "-" "PostmanRuntime/7.26.8"
::1 - - [12/Mar/2021:04:14:34 +0000] "POST /api/login HTTP/1.1" 200 8 "-" "PostmanRuntime/7.26.8"
::1 - - [12/Mar/2021:04:20:37 +0000] "POST /api/login HTTP/1.1" 404 149 "-" "PostmanRuntime/7.26.8"
::1 - - [12/Mar/2021:05:48:03 +0000] "POST /api/users/login HTTP/1.1" 202 194 "-" "PostmanRuntime/7.26.8"
::1 - - [12/Mar/2021:05:48:18 +0000] "POST /api/appointments HTTP/1.1" 200 8 "-" "PostmanRuntime/7.26.8"
::1 - - [12/Mar/2021:05:48:49 +0000] "GET /api/appointments HTTP/1.1" 200 8 "-" "PostmanRuntime/7.26.8"
::1 - - [12/Mar/2021:05:49:19 +0000] "GET /api/appointments HTTP/1.1" 200 8 "-" "PostmanRuntime/7.26.8"
::1 - - [12/Mar/2021:06:02:16 +0000] "GET /api/appointments HTTP/1.1" 200 8 "-" "PostmanRuntime/7.26.8"
::1 - - [12/Mar/2021:06:02:30 +0000] "GET /api/users/appointments HTTP/1.1" 200 8 "-" "PostmanRuntime/7.26.8"
::1 - - [12/Mar/2021:06:02:31 +0000] "GET /api/users/appointments HTTP/1.1" 200 8 "-" "PostmanRuntime/7.26.8"
::1 - - [12/Mar/2021:06:04:25 +0000] "GET /api/users/appointments HTTP/1.1" 200 8 "-" "PostmanRuntime/7.26.8"
::1 - - [12/Mar/2021:06:04:30 +0000] "GET /api/appointments HTTP/1.1" 200 8 "-" "PostmanRuntime/7.26.8"
::ffff:127.0.0.1 - - [12/Mar/2021:06:06:28 +0000] "GET /api/appointment HTTP/1.1" 200 8 "-" "PostmanRuntime/7.26.8"
::ffff:127.0.0.1 - - [12/Mar/2021:06:06:30 +0000] "GET /api/appointment HTTP/1.1" 200 8 "-" "PostmanRuntime/7.26.8"
::ffff:127.0.0.1 - - [12/Mar/2021:06:06:31 +0000] "GET /api/appointment HTTP/1.1" 200 8 "-" "PostmanRuntime/7.26.8"
::ffff:127.0.0.1 - - [12/Mar/2021:06:06:31 +0000] "GET /api/appointment HTTP/1.1" 200 8 "-" "PostmanRuntime/7.26.8"
::ffff:127.0.0.1 - - [12/Mar/2021:06:06:32 +0000] "GET /api/appointment HTTP/1.1" 200 8 "-" "PostmanRuntime/7.26.8"
::ffff:127.0.0.1 - - [12/Mar/2021:06:06:32 +0000] "GET /api/appointment HTTP/1.1" 200 8 "-" "PostmanRuntime/7.26.8"
::ffff:127.0.0.1 - - [12/Mar/2021:06:06:33 +0000] "GET /api/appointment HTTP/1.1" 200 8 "-" "PostmanRuntime/7.26.8"
::ffff:127.0.0.1 - - [12/Mar/2021:06:06:33 +0000] "GET /api/appointment HTTP/1.1" 200 8 "-" "PostmanRuntime/7.26.8"
::ffff:127.0.0.1 - - [12/Mar/2021:06:06:37 +0000] "GET /api/appointments HTTP/1.1" 200 8 "-" "PostmanRuntime/7.26.8"
::ffff:127.0.0.1 - - [12/Mar/2021:06:06:38 +0000] "GET /api/appointments HTTP/1.1" 200 8 "-" "PostmanRuntime/7.26.8"
::1 - - [12/Mar/2021:06:09:30 +0000] "GET /api/appointment HTTP/1.1" 200 8 "-" "PostmanRuntime/7.26.8"
::1 - - [12/Mar/2021:06:09:39 +0000] "GET /api/users HTTP/1.1" 200 8 "-" "PostmanRuntime/7.26.8"
::1 - - [12/Mar/2021:06:10:25 +0000] "GET /api/appointment HTTP/1.1" 404 2 "-" "PostmanRuntime/7.26.8"
::1 - - [12/Mar/2021:06:10:54 +0000] "POST /api/users/login HTTP/1.1" 202 194 "-" "PostmanRuntime/7.26.8"
::1 - - [12/Mar/2021:06:11:00 +0000] "GET /api/appointment HTTP/1.1" 202 - "-" "PostmanRuntime/7.26.8"
::1 - - [12/Mar/2021:06:12:57 +0000] "GET /api/appointment HTTP/1.1" 404 2 "-" "PostmanRuntime/7.26.8"
::1 - - [12/Mar/2021:06:13:09 +0000] "POST /api/users/login HTTP/1.1" 202 194 "-" "PostmanRuntime/7.26.8"
::1 - - [12/Mar/2021:06:13:12 +0000] "GET /api/appointment HTTP/1.1" 202 - "-" "PostmanRuntime/7.26.8"
::1 - - [12/Mar/2021:06:22:45 +0000] "POST /api/users/login HTTP/1.1" 202 194 "-" "PostmanRuntime/7.26.8"
::1 - - [12/Mar/2021:06:22:49 +0000] "GET /api/appointment HTTP/1.1" 202 - "-" "PostmanRuntime/7.26.8"
